current directory: /usr/local/bundle/gems/bcrypt-3.1.16/ext/mri
/usr/local/bin/ruby -I /usr/local/lib/ruby/3.0.0 -r ./siteconf20211125-7-o0g1yj.rb extconf.rb
creating Makefile

current directory: /usr/local/bundle/gems/bcrypt-3.1.16/ext/mri
make DESTDIR\= clean

current directory: /usr/local/bundle/gems/bcrypt-3.1.16/ext/mri
make DESTDIR\=
compiling bcrypt_ext.c
compiling crypt_blowfish.c
gcc  -D__SKIP_GNU     -c -o x86.o x86.S
compiling crypt_gensalt.c
compiling wrapper.c
wrapper.c:182:60: warning: ‘struct crypt_data’ declared inside parameter list will not be visible outside of this definition or declaration
  182 | char *crypt_r(const char *key, const char *setting, struct crypt_data *data)
      |                                                            ^~~~~~~~~~
cc1: note: unrecognized command-line option ‘-Wno-self-assign’ may have been intended to silence earlier diagnostics
cc1: note: unrecognized command-line option ‘-Wno-parentheses-equality’ may have been intended to silence earlier diagnostics
cc1: note: unrecognized command-line option ‘-Wno-constant-logical-operand’ may have been intended to silence earlier diagnostics
linking shared-object bcrypt_ext.so

current directory: /usr/local/bundle/gems/bcrypt-3.1.16/ext/mri
make DESTDIR\= install
/usr/bin/install -c -m 0755 bcrypt_ext.so ./.gem.20211125-7-r0o84v
