current directory: /usr/local/bundle/gems/pg-1.2.3/ext
/usr/local/bin/ruby -I /usr/local/lib/ruby/3.0.0 -r ./siteconf20211125-7-6v43lo.rb extconf.rb
checking for pg_config... yes
Using config values from /usr/bin/pg_config
checking for libpq-fe.h... yes
checking for libpq/libpq-fs.h... yes
checking for pg_config_manual.h... yes
checking for PQconnectdb() in -lpq... yes
checking for PQsetSingleRowMode()... yes
checking for PQconninfo()... yes
checking for PQsslAttribute()... yes
checking for PQresultVerboseErrorMessage()... yes
checking for PQencryptPasswordConn()... yes
checking for PQresultMemorySize()... yes
checking for timegm()... yes
checking for rb_gc_adjust_memory_usage()... yes
checking for unistd.h... yes
checking for inttypes.h... yes
checking for C99 variable length arrays... yes
creating extconf.h
creating Makefile

current directory: /usr/local/bundle/gems/pg-1.2.3/ext
make DESTDIR\= clean

current directory: /usr/local/bundle/gems/pg-1.2.3/ext
make DESTDIR\=
compiling gvl_wrappers.c
compiling pg.c
compiling pg_binary_decoder.c
compiling pg_binary_encoder.c
compiling pg_coder.c
compiling pg_connection.c
compiling pg_copy_coder.c
compiling pg_errors.c
compiling pg_record_coder.c
compiling pg_result.c
pg_result.c: In function ‘init_pg_result’:
pg_result.c:1590:2: warning: ‘rb_cData’ is deprecated: by: rb_cObject.  Will be removed in 3.1. [-Wdeprecated-declarations]
 1590 |  rb_cPGresult = rb_define_class_under( rb_mPG, "Result", rb_cData );
      |  ^~~~~~~~~~~~
In file included from /usr/local/include/ruby-3.0.0/ruby/internal/core.h:27,
                 from /usr/local/include/ruby-3.0.0/ruby/ruby.h:26,
                 from /usr/local/include/ruby-3.0.0/ruby.h:38,
                 from pg.h:20,
                 from pg_result.c:7:
/usr/local/include/ruby-3.0.0/ruby/internal/core/rdata.h:169:1: note: declared here
  169 | rb_cData(void)
      | ^~~~~~~~
pg_result.c: At top level:
cc1: note: unrecognized command-line option ‘-Wno-self-assign’ may have been intended to silence earlier diagnostics
cc1: note: unrecognized command-line option ‘-Wno-parentheses-equality’ may have been intended to silence earlier diagnostics
cc1: note: unrecognized command-line option ‘-Wno-constant-logical-operand’ may have been intended to silence earlier diagnostics
compiling pg_text_decoder.c
compiling pg_text_encoder.c
compiling pg_tuple.c
compiling pg_type_map.c
compiling pg_type_map_all_strings.c
compiling pg_type_map_by_class.c
compiling pg_type_map_by_column.c
compiling pg_type_map_by_mri_type.c
compiling pg_type_map_by_oid.c
compiling pg_type_map_in_ruby.c
compiling pg_util.c
linking shared-object pg_ext.so

current directory: /usr/local/bundle/gems/pg-1.2.3/ext
make DESTDIR\= install
/usr/bin/install -c -m 0755 pg_ext.so ./.gem.20211125-7-nza0u4
